==========================================
Sample fraction; 0.01
==========================================
------------------------------------------
SVD
------------------------------------------
The prediction accuracy metrics of SVD algorithm: average RMSE: 0.8723190679403112, average MAE: 0.8047058823529412
The training cost metric of SVD algorithm: training time: 0.028010129928588867 s
The inference cost metric of SVD algorithm: average inference time: 0.0004453897476196289 s
The model size metric of SVD algorithm: pickled model file size: 31295 bytes
------------------------------------------
SVDpp
------------------------------------------
The prediction accuracy metrics of SVDpp algorithm: average RMSE: 0.7792311262038039, average MAE: 0.7233986928104574
The training cost metric of SVDpp algorithm: training time: 0.02052164077758789 s
The inference cost metric of SVDpp algorithm: average inference time: 0.01918659210205078 s
The model size metric of SVDpp algorithm: pickled model file size: 838445 bytes
------------------------------------------
KNNBaseline
------------------------------------------
The prediction accuracy metrics of KNNBaseline algorithm: average RMSE: 0.6548008358176725, average MAE: 0.49039215686274495
The training cost metric of KNNBaseline algorithm: training time: 0.01911759376525879 s
The inference cost metric of KNNBaseline algorithm: average inference time: 0.021636581420898436 s
The model size metric of KNNBaseline algorithm: pickled model file size: 23916118 bytes
------------------------------------------
Content-based filtering
------------------------------------------
The prediction accuracy metrics of content based filtering: recommended movies average predicted rating: 3.835564029549677
The training cost metric of content based filtering: training time: 0.02899479866027832 s
The inference cost metric of content based filtering: average inference time: 0.00036876201629638673 s
The model size metric of content based filtering: pickled model file size: 85117 bytes
==========================================
Sample fraction; 0.1
==========================================
------------------------------------------
SVD
------------------------------------------
The prediction accuracy metrics of SVD algorithm: average RMSE: 0.6909232585255595, average MAE: 0.5611960011164596
The training cost metric of SVD algorithm: training time: 0.4248054027557373 s
The inference cost metric of SVD algorithm: average inference time: 0.00040497779846191404 s
The model size metric of SVD algorithm: pickled model file size: 288562 bytes
------------------------------------------
SVDpp
------------------------------------------
The prediction accuracy metrics of SVDpp algorithm: average RMSE: 0.8165801528688592, average MAE: 0.6851406759007033
The training cost metric of SVDpp algorithm: training time: 0.3760523796081543 s
The inference cost metric of SVDpp algorithm: average inference time: 0.02049520015716553 s
The model size metric of SVDpp algorithm: pickled model file size: 838445 bytes
------------------------------------------
KNNBaseline
------------------------------------------
The prediction accuracy metrics of KNNBaseline algorithm: average RMSE: 0.7582577941938246, average MAE: 0.6360316669438747
The training cost metric of KNNBaseline algorithm: training time: 0.38260817527770996 s
The inference cost metric of KNNBaseline algorithm: average inference time: 0.01953282356262207 s
The model size metric of KNNBaseline algorithm: pickled model file size: 23916118 bytes
------------------------------------------
Content-based filtering
------------------------------------------
The prediction accuracy metrics of content based filtering: recommended movies average predicted rating: 3.700171822380036
The training cost metric of content based filtering: training time: 0.21477437019348145 s
The inference cost metric of content based filtering: average inference time: 0.001088428497314453 s
The model size metric of content based filtering: pickled model file size: 8553495 bytes
==========================================
Sample fraction; 0.5
==========================================
------------------------------------------
SVD
------------------------------------------
The prediction accuracy metrics of SVD algorithm: average RMSE: 0.7450321946444985, average MAE: 0.6220919906018381
The training cost metric of SVD algorithm: training time: 6.648124933242798 s
The inference cost metric of SVD algorithm: average inference time: 0.006193470954895019 s
The model size metric of SVD algorithm: pickled model file size: 1356131 bytes
------------------------------------------
SVDpp
------------------------------------------
The prediction accuracy metrics of SVDpp algorithm: average RMSE: 0.7229691412186758, average MAE: 0.5983758443847542
The training cost metric of SVDpp algorithm: training time: 6.290804147720337 s
The inference cost metric of SVDpp algorithm: average inference time: 0.015450406074523925 s
The model size metric of SVDpp algorithm: pickled model file size: 838445 bytes
------------------------------------------
KNNBaseline
------------------------------------------
The prediction accuracy metrics of KNNBaseline algorithm: average RMSE: 0.7510004138947721, average MAE: 0.6283304268442245
The training cost metric of KNNBaseline algorithm: training time: 6.231741428375244 s
The inference cost metric of KNNBaseline algorithm: average inference time: 0.014862513542175293 s
The model size metric of KNNBaseline algorithm: pickled model file size: 23916118 bytes
------------------------------------------
Content-based filtering
------------------------------------------
The prediction accuracy metrics of content based filtering: recommended movies average predicted rating: 3.728272466404163
The training cost metric of content based filtering: training time: 1.8643624782562256 s
The inference cost metric of content based filtering: average inference time: 0.04372587203979492 s
The model size metric of content based filtering: pickled model file size: 213831447 bytes
==========================================
Sample fraction; 1.0
==========================================
------------------------------------------
SVD
------------------------------------------
The prediction accuracy metrics of SVD algorithm: average RMSE: 0.730277375380129, average MAE: 0.6010859974741961
The training cost metric of SVD algorithm: training time: 22.40098476409912 s
The inference cost metric of SVD algorithm: average inference time: 0.020583438873291015 s
The model size metric of SVD algorithm: pickled model file size: 2601556 bytes
------------------------------------------
SVDpp
------------------------------------------
The prediction accuracy metrics of SVDpp algorithm: average RMSE: 0.7301749386386477, average MAE: 0.6011734727299636
The training cost metric of SVDpp algorithm: training time: 23.65996289253235 s
The inference cost metric of SVDpp algorithm: average inference time: 0.014928650856018067 s
The model size metric of SVDpp algorithm: pickled model file size: 838445 bytes
------------------------------------------
KNNBaseline
------------------------------------------
The prediction accuracy metrics of KNNBaseline algorithm: average RMSE: 0.7324161526655598, average MAE: 0.6025449311321072
The training cost metric of KNNBaseline algorithm: training time: 21.949674129486084 s
The inference cost metric of KNNBaseline algorithm: average inference time: 0.017149066925048827 s
The model size metric of KNNBaseline algorithm: pickled model file size: 23916118 bytes
------------------------------------------
Content-based filtering
------------------------------------------
The prediction accuracy metrics of content based filtering: recommended movies average predicted rating: 3.7505867762565126
The training cost metric of content based filtering: training time: 6.202038764953613 s
The inference cost metric of content based filtering: average inference time: 0.39569859504699706 s
The model size metric of content based filtering: pickled model file size: 855490495 bytes